<?xml version="1.0" encoding="UTF-8"?>
<!-- Generated by org.testng.reporters.JUnitXMLReporter -->
<testsuite ignored="0" hostname="HVNYRR3" failures="5" tests="38" name="all-tests" time="313.453" errors="0" timestamp="2023-01-27T16:30:34 IST">
  <testcase classname="testng_course.AmazonTest_testng" name="@BeforeMethod setUp" time="-1.674816997689E9">
    <failure type="org.testng.TestNGException" message="
Parameter &amp;apos;url&amp;apos; is required by BeforeMethod on method setUp but has not been marked @Optional or defined
in C:\my_backup\C\Selenium_Course\selenium_course\testng.xml">
      <![CDATA[org.testng.TestNGException: 
Parameter 'url' is required by BeforeMethod on method setUp but has not been marked @Optional or defined
in C:\my_backup\C\Selenium_Course\selenium_course\testng.xml
at java.base/java.util.ArrayList.forEach(ArrayList.java:1511)
... Removed 28 stack frames]]>
    </failure>
  </testcase> <!-- @BeforeMethod setUp -->
  <testcase classname="testng_course.AmazonTest_testng" name="@AfterMethod tearDown" time="-1.674816997694E9">
    <skipped/>
  </testcase> <!-- @AfterMethod tearDown -->
  <testcase classname="testng_course.AmazonTest_testng" name="@BeforeMethod setUp" time="-1.674816997696E9">
    <skipped/>
  </testcase> <!-- @BeforeMethod setUp -->
  <testcase classname="testng_course.AmazonTest_testng" name="@AfterMethod tearDown" time="-1.674816997698E9">
    <skipped/>
  </testcase> <!-- @AfterMethod tearDown -->
  <testcase classname="testng_course.AmazonTest_testng" name="@BeforeMethod setUp" time="-1.674816997699E9">
    <skipped/>
  </testcase> <!-- @BeforeMethod setUp -->
  <testcase classname="testng_course.AmazonTest_testng" name="@AfterMethod tearDown" time="-1.6748169977E9">
    <skipped/>
  </testcase> <!-- @AfterMethod tearDown -->
  <testcase classname="testng_course.ActionsClass_LearnScreenShot" name="automateGoogleSearch" time="7.915"/>
  <testcase classname="testng_course.ActionsClass_LearnScreenShot" name="performRightClickOnGoogle" time="20.091"/>
  <testcase classname="testng_course.ActionsClass_LearnScreenShot" name="testDataProviderOf2dArray" time="9.103"/>
  <testcase classname="testng_course.ActionsClass_LearnScreenShot" name="testDataProviderOf2dArray" time="12.64"/>
  <testcase classname="testng_course.ActionsClass_LearnScreenShot" name="testDataProviderOf2dArray" time="10.335"/>
  <testcase classname="testng_course.ActionsClass_LearnScreenShot" name="testDataProviderOf2dArray" time="8.772"/>
  <testcase classname="testng_course.ActionsClass_LearnScreenShot" name="dragAndDrop" time="5.499"/>
  <testcase classname="testng_course.AmazonTest_testng" name="firstTest" time="0.0">
    <skipped/>
  </testcase> <!-- firstTest -->
  <testcase classname="testng_course.AmazonTest_testng" name="doLogin" time="0.0">
    <skipped/>
  </testcase> <!-- doLogin -->
  <testcase classname="testng_course.AmazonTest_testng" name="amazonTitleTest" time="0.0">
    <skipped/>
  </testcase> <!-- amazonTitleTest -->
  <testcase classname="testng_course.DataProviderTest" name="testDataProvider" time="7.469"/>
  <testcase classname="testng_course.DataProviderTest" name="testDataProvider" time="2.759">
    <failure type="io.github.bonigarcia.wdm.config.WebDriverManagerException" message="There was an error creating WebDriver object for Firefox">
      <![CDATA[io.github.bonigarcia.wdm.config.WebDriverManagerException: There was an error creating WebDriver object for Firefox
at io.github.bonigarcia.wdm.WebDriverManager.instantiateDriver(WebDriverManager.java:1775)
at io.github.bonigarcia.wdm.WebDriverManager.create(WebDriverManager.java:425)
at testng_course.DataProviderTest.testDataProvider(DataProviderTest.java:40)
at java.base/java.util.ArrayList.forEach(ArrayList.java:1511)
at io.github.bonigarcia.wdm.webdriver.WebDriverCreator.createLocalWebDriver(WebDriverCreator.java:64)
at io.github.bonigarcia.wdm.WebDriverManager.createLocalWebDriver(WebDriverManager.java:1949)
at io.github.bonigarcia.wdm.WebDriverManager.instantiateDriver(WebDriverManager.java:1764)
... 28 more
Caused by: org.openqa.selenium.SessionNotCreatedException: Could not start a new session. Response code 500. Message: Expected browser binary location, but unable to find binary in default location, no 'moz:firefoxOptions.binary' capability provided, and no binary flag set on the command line 
Host info: host: 'HVNYRR3', ip: '192.168.1.101'
Build info: version: '4.7.2', revision: '4d4020c3b7'
System info: os.name: 'Windows 10', os.arch: 'amd64', os.version: '10.0', java.version: '19.0.1'
Driver info: org.openqa.selenium.firefox.FirefoxDriver
Command: [null, newSession {capabilities=[Capabilities {acceptInsecureCerts: true, browserName: firefox, moz:debuggerAddress: true, moz:firefoxOptions: {}}], desiredCapabilities=Capabilities {acceptInsecureCerts: true, browserName: firefox, moz:debuggerAddress: true, moz:firefoxOptions: {}}}]
at org.openqa.selenium.remote.ProtocolHandshake.createSession(ProtocolHandshake.java:148)
at org.openqa.selenium.remote.ProtocolHandshake.createSession(ProtocolHandshake.java:106)
at org.openqa.selenium.remote.ProtocolHandshake.createSession(ProtocolHandshake.java:67)
at org.openqa.selenium.remote.HttpCommandExecutor.execute(HttpCommandExecutor.java:156)
at org.openqa.selenium.remote.service.DriverCommandExecutor.invokeExecute(DriverCommandExecutor.java:167)
at org.openqa.selenium.remote.service.DriverCommandExecutor.execute(DriverCommandExecutor.java:142)
at org.openqa.selenium.remote.RemoteWebDriver.execute(RemoteWebDriver.java:535)
at org.openqa.selenium.remote.RemoteWebDriver.startSession(RemoteWebDriver.java:228)
at org.openqa.selenium.remote.RemoteWebDriver.<init>(RemoteWebDriver.java:156)
at org.openqa.selenium.firefox.FirefoxDriver.<init>(FirefoxDriver.java:130)
at org.openqa.selenium.firefox.FirefoxDriver.<init>(FirefoxDriver.java:111)
at org.openqa.selenium.firefox.FirefoxDriver.<init>(FirefoxDriver.java:101)
... 33 more
... Removed 30 stack frames]]>
    </failure>
  </testcase> <!-- testDataProvider -->
  <testcase classname="testng_course.DataProviderTest" name="testDataProviderOf2dArray" time="6.763"/>
  <testcase classname="testng_course.DataProviderTest" name="testDataProviderOf2dArray" time="11.668"/>
  <testcase classname="testng_course.DataProviderTest" name="fillRegistrationPage" time="13.103"/>
  <testcase classname="testng_course.DataProviderTest" name="fillRegistrationPage" time="6.875"/>
  <testcase classname="testng_course.DataProviderTest" name="fillRegistrationPage2ndWay" time="8.372"/>
  <testcase classname="testng_course.DataProviderTest" name="fillRegistrationPage2ndWay" time="9.006"/>
  <testcase classname="testng_course.DataProviderTest" name="fillRegistrationPageWith2DArray" time="11.087">
    <failure type="org.openqa.selenium.StaleElementReferenceException" message="stale element reference: element is not attached to the page document
  (Session info: chrome=109.0.5414.76)
For documentation on this error, please visit: https://selenium.dev/exceptions/#stale_element_reference
Build info: version: &amp;apos;4.7.2&amp;apos;, revision: &amp;apos;4d4020c3b7&amp;apos;
System info: os.name: &amp;apos;Windows 10&amp;apos;, os.arch: &amp;apos;amd64&amp;apos;, os.version: &amp;apos;10.0&amp;apos;, java.version: &amp;apos;19.0.1&amp;apos;
Driver info: org.openqa.selenium.chrome.ChromeDriver
Command: [194d6ebfd3307236342f217f5b8b948a, clickElement {id=043dc927-05b8-4d81-91c6-d0cf6491145c}]
Capabilities {acceptInsecureCerts: false, browserName: chrome, browserVersion: 109.0.5414.76, chrome: {chromedriverVersion: 109.0.5414.74 (e7c5703604da..., userDataDir: C:\Users\ROHIT~1.SAL\AppDat...}, goog:chromeOptions: {debuggerAddress: localhost:55914}, networkConnectionEnabled: false, pageLoadStrategy: normal, platformName: WINDOWS, proxy: Proxy(), se:cdp: ws://localhost:55914/devtoo..., se:cdpVersion: 109.0.5414.76, setWindowRect: true, strictFileInteractability: false, timeouts: {implicit: 0, pageLoad: 300000, script: 30000}, unhandledPromptBehavior: dismiss and notify, webauthn:extension:credBlob: true, webauthn:extension:largeBlob: true, webauthn:virtualAuthenticators: true}
Element: [[ChromeDriver: chrome on WINDOWS (194d6ebfd3307236342f217f5b8b948a)] -&amp;gt; css selector: #nav-flyout-ya-newCust&amp;gt;a]
Session ID: 194d6ebfd3307236342f217f5b8b948a">
      <![CDATA[org.openqa.selenium.StaleElementReferenceException: stale element reference: element is not attached to the page document
  (Session info: chrome=109.0.5414.76)
For documentation on this error, please visit: https://selenium.dev/exceptions/#stale_element_reference
Build info: version: '4.7.2', revision: '4d4020c3b7'
System info: os.name: 'Windows 10', os.arch: 'amd64', os.version: '10.0', java.version: '19.0.1'
Driver info: org.openqa.selenium.chrome.ChromeDriver
Command: [194d6ebfd3307236342f217f5b8b948a, clickElement {id=043dc927-05b8-4d81-91c6-d0cf6491145c}]
Capabilities {acceptInsecureCerts: false, browserName: chrome, browserVersion: 109.0.5414.76, chrome: {chromedriverVersion: 109.0.5414.74 (e7c5703604da..., userDataDir: C:\Users\ROHIT~1.SAL\AppDat...}, goog:chromeOptions: {debuggerAddress: localhost:55914}, networkConnectionEnabled: false, pageLoadStrategy: normal, platformName: WINDOWS, proxy: Proxy(), se:cdp: ws://localhost:55914/devtoo..., se:cdpVersion: 109.0.5414.76, setWindowRect: true, strictFileInteractability: false, timeouts: {implicit: 0, pageLoad: 300000, script: 30000}, unhandledPromptBehavior: dismiss and notify, webauthn:extension:credBlob: true, webauthn:extension:largeBlob: true, webauthn:virtualAuthenticators: true}
Element: [[ChromeDriver: chrome on WINDOWS (194d6ebfd3307236342f217f5b8b948a)] -> css selector: #nav-flyout-ya-newCust>a]
Session ID: 194d6ebfd3307236342f217f5b8b948a
at org.openqa.selenium.remote.codec.w3c.W3CHttpResponseCodec.createException(W3CHttpResponseCodec.java:200)
at org.openqa.selenium.remote.codec.w3c.W3CHttpResponseCodec.decode(W3CHttpResponseCodec.java:133)
at org.openqa.selenium.remote.codec.w3c.W3CHttpResponseCodec.decode(W3CHttpResponseCodec.java:53)
at org.openqa.selenium.remote.HttpCommandExecutor.execute(HttpCommandExecutor.java:184)
at org.openqa.selenium.remote.service.DriverCommandExecutor.invokeExecute(DriverCommandExecutor.java:167)
at org.openqa.selenium.remote.service.DriverCommandExecutor.execute(DriverCommandExecutor.java:142)
at org.openqa.selenium.remote.RemoteWebDriver.execute(RemoteWebDriver.java:535)
at org.openqa.selenium.remote.RemoteWebElement.execute(RemoteWebElement.java:257)
at org.openqa.selenium.remote.RemoteWebElement.click(RemoteWebElement.java:78)
at testng_course.DataProviderTest.fillRegistrationPageWith2DArray(DataProviderTest.java:185)
at java.base/java.util.concurrent.FutureTask.run(FutureTask.java:317)
at java.base/java.util.concurrent.Executors$RunnableAdapter.call(Executors.java:577)
at java.base/java.util.concurrent.FutureTask.run(FutureTask.java:317)
at java.base/java.util.concurrent.ThreadPoolExecutor.runWorker(ThreadPoolExecutor.java:1144)
at java.base/java.util.concurrent.ThreadPoolExecutor$Worker.run(ThreadPoolExecutor.java:642)
at java.base/java.lang.Thread.run(Thread.java:1589)
... Removed 10 stack frames]]>
    </failure>
  </testcase> <!-- fillRegistrationPageWith2DArray -->
  <testcase classname="testng_course.DataProviderTest" name="fillRegistrationPageWith2DArray" time="12.155"/>
  <testcase classname="testng_course.DesiredCap" name="setUp" time="0.049">
    <failure type="io.github.bonigarcia.wdm.config.WebDriverManagerException" message="There was an error creating WebDriver object for Chrome">
      <![CDATA[io.github.bonigarcia.wdm.config.WebDriverManagerException: There was an error creating WebDriver object for Chrome
at io.github.bonigarcia.wdm.WebDriverManager.instantiateDriver(WebDriverManager.java:1775)
at io.github.bonigarcia.wdm.WebDriverManager.create(WebDriverManager.java:425)
at testng_course.DesiredCap.setUp(DesiredCap.java:38)
at java.base/java.util.ArrayList.forEach(ArrayList.java:1511)
Caused by: java.lang.NoSuchMethodException: org.openqa.selenium.chrome.ChromeDriver.<init>(org.openqa.selenium.remote.DesiredCapabilities)
at java.base/java.lang.Class.getConstructor0(Class.java:3641)
at java.base/java.lang.Class.getDeclaredConstructor(Class.java:2810)
at io.github.bonigarcia.wdm.webdriver.WebDriverCreator.createLocalWebDriver(WebDriverCreator.java:60)
at io.github.bonigarcia.wdm.WebDriverManager.createLocalWebDriver(WebDriverManager.java:1949)
at io.github.bonigarcia.wdm.WebDriverManager.instantiateDriver(WebDriverManager.java:1764)
... 28 more
... Removed 25 stack frames]]>
    </failure>
  </testcase> <!-- setUp -->
  <testcase classname="testng_course.DesiredCap" name="setUp" time="6.927">
    <failure type="io.github.bonigarcia.wdm.config.WebDriverManagerException" message="There was an error creating WebDriver object for Edge">
      <![CDATA[io.github.bonigarcia.wdm.config.WebDriverManagerException: There was an error creating WebDriver object for Edge
at io.github.bonigarcia.wdm.WebDriverManager.instantiateDriver(WebDriverManager.java:1775)
at io.github.bonigarcia.wdm.WebDriverManager.create(WebDriverManager.java:425)
at testng_course.DesiredCap.setUp(DesiredCap.java:47)
at java.base/java.util.ArrayList.forEach(ArrayList.java:1511)
Caused by: java.lang.NoSuchMethodException: org.openqa.selenium.edge.EdgeDriver.<init>(org.openqa.selenium.remote.DesiredCapabilities)
at java.base/java.lang.Class.getConstructor0(Class.java:3641)
at java.base/java.lang.Class.getDeclaredConstructor(Class.java:2810)
at io.github.bonigarcia.wdm.webdriver.WebDriverCreator.createLocalWebDriver(WebDriverCreator.java:60)
at io.github.bonigarcia.wdm.WebDriverManager.createLocalWebDriver(WebDriverManager.java:1949)
at io.github.bonigarcia.wdm.WebDriverManager.instantiateDriver(WebDriverManager.java:1764)
... 28 more
... Removed 25 stack frames]]>
    </failure>
  </testcase> <!-- setUp -->
  <testcase classname="testng_course.First_Day_testng" name="testMethod" time="0.002"/>
  <testcase classname="testng_course.First_Day_testng" name="verifyTitle" time="0.003"/>
  <testcase classname="testng_course.First_Day_testng" name="verifyTitle_test" time="0.002"/>
  <testcase classname="testng_course.GenerateExtentFiveForAllTests" name="attachScreenShot" time="7.373"/>
  <testcase classname="testng_course.GenerateExtentFiveForAllTests" name="attachScreenShot64" time="7.423"/>
  <testcase classname="testng_course.GenerateExtentFiveForAllTests" name="attachScreenShotBase64" time="7.528"/>
  <testcase classname="testng_course.GenerateExtentReportsFive" name="extentTest" time="9.327"/>
  <testcase classname="testng_course.HandleWebTable" name="handleWebTable" time="11.632"/>
  <testcase classname="testng_course.OptionsClass" name="fillRegistrationPage" time="7.687"/>
  <testcase classname="testng_course.OptionsClass" name="fillRegistrationPage" time="14.058"/>
  <testcase classname="testng_course.TestAnnotations" name="invocationCount" time="8.703"/>
  <testcase classname="testng_course.TestAnnotations" name="invocationCount" time="9.143"/>
  <testcase classname="testng_course.TestAnnotations" name="invocationCount" time="9.834"/>
  <testcase classname="testng_course.TestAnnotations" name="invocationCount" time="11.846"/>
  <testcase classname="testng_course.TestAnnotations" name="invocationCount" time="12.358"/>
  <testcase classname="testng_course.TestAnnotations" name="invocationTimeOut" time="50.007">
    <failure type="org.testng.internal.thread.ThreadTimeoutException" message="Method testng_course.TestAnnotations.invocationTimeOut() didn&amp;apos;t finish within the time-out 50000">
      <![CDATA[org.testng.internal.thread.ThreadTimeoutException: Method testng_course.TestAnnotations.invocationTimeOut() didn't finish within the time-out 50000
at java.base/java.util.ArrayList.forEach(ArrayList.java:1511)
... Removed 24 stack frames]]>
    </failure>
  </testcase> <!-- invocationTimeOut -->
</testsuite> <!-- all-tests -->
